<?xml version="1.0" encoding="UTF-8"?>
<!-- Generated by org.testng.reporters.JUnitReportReporter -->
<testsuite hostname="DESKTOP-55L81PJ" failures="0" tests="1" name="com.crm.vtiger.Org.OrgFlowTest" time="15.520" errors="0" timestamp="2025-09-18T01:57:14 IST" skipped="0">
  <testcase classname="com.crm.vtiger.Org.OrgFlowTest" name="createProductTest" time="15.520">
    <system-out>
      <![CDATA[Successfully Org is created ]]>
    </system-out>
  </testcase> <!-- createProductTest -->
  <system-out>
    <![CDATA[successfully created a product 
Successfully Org is created ]]>
  </system-out>
</testsuite> <!-- com.crm.vtiger.Org.OrgFlowTest -->
