<?xml version="1.0" encoding="UTF-8"?>
<!-- Generated by org.testng.reporters.JUnitReportReporter -->
<testsuite hostname="DESKTOP-55L81PJ" failures="0" tests="3" name="com.crm.vtiger.products.ProductFlowTest" time="27.755" errors="0" timestamp="2025-09-19T02:50:43 IST" skipped="0">
  <testcase classname="com.crm.vtiger.products.ProductFlowTest" name="createProductTest" time="12.438">
    <system-out>
      <![CDATA[successfully created a product RAW_249]]>
    </system-out>
  </testcase> <!-- createProductTest -->
  <testcase classname="com.crm.vtiger.products.ProductFlowTest" name="editExistingProductTest" time="10.366">
    <system-out>
      <![CDATA[successfully edited ]]>
    </system-out>
  </testcase> <!-- editExistingProductTest -->
  <testcase classname="com.crm.vtiger.products.ProductFlowTest" name="deleteExistingProductTest" time="4.951">
    <system-out>
      <![CDATA[successfully deleted a product]]>
    </system-out>
  </testcase> <!-- deleteExistingProductTest -->
  <system-out>
    <![CDATA[successfully created a product RAW_249
successfully edited 
successfully deleted a product]]>
  </system-out>
</testsuite> <!-- com.crm.vtiger.products.ProductFlowTest -->
