<?xml version="1.0" encoding="UTF-8"?>
<!-- Generated by org.testng.reporters.JUnitReportReporter -->
<testsuite hostname="DESKTOP-55L81PJ" failures="0" tests="1" name="com.crm.vtiger.opportunities.OpportunitiesFlowTest" time="16.884" errors="0" timestamp="2025-09-24T01:41:01 IST" skipped="0">
  <testcase classname="com.crm.vtiger.opportunities.OpportunitiesFlowTest" name="createOpportunityTest" time="16.884"/>
</testsuite> <!-- com.crm.vtiger.opportunities.OpportunitiesFlowTest -->
