<?xml version="1.0" encoding="UTF-8"?>
<!-- Generated by org.testng.reporters.JUnitReportReporter -->
<testsuite hostname="DESKTOP-55L81PJ" failures="0" tests="3" name="com.crm.vtiger.Org.CreateAOrg" time="39.904" errors="0" timestamp="2025-09-14T01:13:07 IST" skipped="0">
  <testcase classname="com.crm.vtiger.Org.CreateAOrg" name="createProductTest" time="16.502">
    <system-out>
      <![CDATA[Successfully Org is created ]]>
    </system-out>
  </testcase> <!-- createProductTest -->
  <testcase classname="com.crm.vtiger.Org.CreateAOrg" name="editTheExistingOrg" time="14.855">
    <system-out>
      <![CDATA[successfully edited ]]>
    </system-out>
  </testcase> <!-- editTheExistingOrg -->
  <testcase classname="com.crm.vtiger.Org.CreateAOrg" name="deleteTheExistitngOrg" time="8.547">
    <system-out>
      <![CDATA[successfully deleted a product]]>
    </system-out>
  </testcase> <!-- deleteTheExistitngOrg -->
  <system-out>
    <![CDATA[Successfully Org is created 
successfully edited 
successfully deleted a product]]>
  </system-out>
</testsuite> <!-- com.crm.vtiger.Org.CreateAOrg -->
