<?xml version="1.0" encoding="UTF-8"?>
<!-- Generated by org.testng.reporters.JUnitReportReporter -->
<testsuite hostname="DESKTOP-55L81PJ" failures="0" tests="3" name="com.crm.vtiger.products.CreateAProductTest" time="40.965" errors="0" timestamp="2025-09-01T02:05:27 IST" skipped="0">
  <testcase classname="com.crm.vtiger.products.CreateAProductTest" name="createProductTest" time="13.479">
    <system-out>
      <![CDATA[createProductTeststarted executing
successfully created a product 
com.crm.vtiger.products.CreateAProductTest.createProductTest got passed]]>
    </system-out>
  </testcase> <!-- createProductTest -->
  <testcase classname="com.crm.vtiger.products.CreateAProductTest" name="editExistingProductTest" time="11.601">
    <system-out>
      <![CDATA[editExistingProductTeststarted executing
successfully edited 
com.crm.vtiger.products.CreateAProductTest.editExistingProductTest got passed]]>
    </system-out>
  </testcase> <!-- editExistingProductTest -->
  <testcase classname="com.crm.vtiger.products.CreateAProductTest" name="deleteExistingProductTest" time="15.885">
    <system-out>
      <![CDATA[deleteExistingProductTeststarted executing
successfully deleted a product
com.crm.vtiger.products.CreateAProductTest.deleteExistingProductTest got passed]]>
    </system-out>
  </testcase> <!-- deleteExistingProductTest -->
  <system-out>
    <![CDATA[createProductTeststarted executing
successfully created a product 
com.crm.vtiger.products.CreateAProductTest.createProductTest got passed
editExistingProductTeststarted executing
successfully edited 
com.crm.vtiger.products.CreateAProductTest.editExistingProductTest got passed
deleteExistingProductTeststarted executing
successfully deleted a product
com.crm.vtiger.products.CreateAProductTest.deleteExistingProductTest got passed]]>
  </system-out>
</testsuite> <!-- com.crm.vtiger.products.CreateAProductTest -->
