<?xml version="1.0" encoding="UTF-8"?>
<!-- Generated by org.testng.reporters.JUnitReportReporter -->
<testsuite hostname="DESKTOP-55L81PJ" failures="0" tests="1" name="com.crm.vtiger.opportunities.OpportunitiesEditTest" time="22.458" errors="0" timestamp="2025-09-26T02:49:58 IST" skipped="0">
  <testcase classname="com.crm.vtiger.opportunities.OpportunitiesEditTest" name="editOpportunityTest" time="22.458"/>
</testsuite> <!-- com.crm.vtiger.opportunities.OpportunitiesEditTest -->
