<?xml version="1.0" encoding="UTF-8"?>
<!-- Generated by org.testng.reporters.JUnitReportReporter -->
<testsuite hostname="DESKTOP-55L81PJ" failures="0" tests="3" name="Parellel.P2" time="0.017" errors="0" timestamp="2025-07-08T00:30:23 IST" skipped="0">
  <testcase classname="Parellel.P2" name="createOrgTest" time="0.011"/>
  <testcase classname="Parellel.P2" name="createOrgTest" time="0.003"/>
  <testcase classname="Parellel.P2" name="createOrgTest" time="0.003"/>
</testsuite> <!-- Parellel.P2 -->
