<?xml version="1.0" encoding="UTF-8"?>
<!-- Generated by org.testng.reporters.JUnitReportReporter -->
<testsuite hostname="DESKTOP-55L81PJ" failures="0" tests="3" name="com.crm.vtiger.products.CreateAProductTest" time="54.529" errors="0" timestamp="2025-09-14T00:43:34 IST" skipped="0">
  <testcase classname="com.crm.vtiger.products.CreateAProductTest" name="createProductTest" time="26.333">
    <system-out>
      <![CDATA[successfully created a product ]]>
    </system-out>
  </testcase> <!-- createProductTest -->
  <testcase classname="com.crm.vtiger.products.CreateAProductTest" name="editExistingProductTest" time="9.641">
    <system-out>
      <![CDATA[successfully edited ]]>
    </system-out>
  </testcase> <!-- editExistingProductTest -->
  <testcase classname="com.crm.vtiger.products.CreateAProductTest" name="deleteExistingProductTest" time="18.555">
    <system-out>
      <![CDATA[successfully deleted a product]]>
    </system-out>
  </testcase> <!-- deleteExistingProductTest -->
  <system-out>
    <![CDATA[successfully created a product 
successfully edited 
successfully deleted a product]]>
  </system-out>
</testsuite> <!-- com.crm.vtiger.products.CreateAProductTest -->
