<?xml version="1.0" encoding="UTF-8"?>
<!-- Generated by org.testng.reporters.JUnitReportReporter -->
<testsuite hostname="DESKTOP-55L81PJ" failures="0" tests="1" name="com.crm.vtiger.opportunities.OpportunitiesDeleteTest" time="35.023" errors="0" timestamp="2025-09-26T03:20:34 IST" skipped="0">
  <testcase classname="com.crm.vtiger.opportunities.OpportunitiesDeleteTest" name="deleteOpp" time="35.023"/>
</testsuite> <!-- com.crm.vtiger.opportunities.OpportunitiesDeleteTest -->
