<?xml version="1.0" encoding="UTF-8"?>
<!-- Generated by org.testng.reporters.JUnitReportReporter -->
<testsuite hostname="DESKTOP-55L81PJ" failures="0" tests="3" name="com.crm.vtiger.Org.OrgFlowTest" time="15.224" errors="0" timestamp="2025-09-24T01:14:40 IST" skipped="2">
  <testcase classname="com.crm.vtiger.Org.OrgFlowTest" name="createProductTest" time="15.224"/>
  <testcase classname="com.crm.vtiger.Org.OrgFlowTest" name="editTheExistingOrg">
    <skipped/>
  </testcase> <!-- editTheExistingOrg -->
  <testcase classname="com.crm.vtiger.Org.OrgFlowTest" name="deleteTheExistitngOrg">
    <skipped/>
  </testcase> <!-- deleteTheExistitngOrg -->
</testsuite> <!-- com.crm.vtiger.Org.OrgFlowTest -->
