<?xml version="1.0" encoding="UTF-8"?>
<!-- Generated by org.testng.reporters.JUnitReportReporter -->
<testsuite hostname="DESKTOP-55L81PJ" failures="0" tests="1" name="com.crm.vtiger.opportunities.OpportunitiesCreateTest" time="18.466" errors="0" timestamp="2025-10-02T00:54:00 IST" skipped="0">
  <testcase classname="com.crm.vtiger.opportunities.OpportunitiesCreateTest" name="createOpportunityTest" time="18.466"/>
</testsuite> <!-- com.crm.vtiger.opportunities.OpportunitiesCreateTest -->
