<?xml version="1.0" encoding="UTF-8"?>
<!-- Generated by org.testng.reporters.JUnitReportReporter -->
<testsuite hostname="DESKTOP-55L81PJ" failures="0" tests="3" name="com.crm.vtiger.Org.CreateAOrg" time="30.694" errors="0" timestamp="2025-09-01T02:49:42 IST" skipped="0">
  <testcase classname="com.crm.vtiger.Org.CreateAOrg" name="createProductTest" time="15.543">
    <system-out>
      <![CDATA[createProductTeststarted executing
Successfully Org is created 
com.crm.vtiger.Org.CreateAOrg.createProductTest got passed]]>
    </system-out>
  </testcase> <!-- createProductTest -->
  <testcase classname="com.crm.vtiger.Org.CreateAOrg" name="editTheExistingOrg" time="8.111">
    <system-out>
      <![CDATA[editTheExistingOrgstarted executing
successfully edited 
com.crm.vtiger.Org.CreateAOrg.editTheExistingOrg got passed]]>
    </system-out>
  </testcase> <!-- editTheExistingOrg -->
  <testcase classname="com.crm.vtiger.Org.CreateAOrg" name="deleteTheExistitngOrg" time="7.040">
    <system-out>
      <![CDATA[deleteTheExistitngOrgstarted executing
successfully deleted a product
com.crm.vtiger.Org.CreateAOrg.deleteTheExistitngOrg got passed]]>
    </system-out>
  </testcase> <!-- deleteTheExistitngOrg -->
  <system-out>
    <![CDATA[createProductTeststarted executing
Successfully Org is created 
com.crm.vtiger.Org.CreateAOrg.createProductTest got passed
editTheExistingOrgstarted executing
successfully edited 
com.crm.vtiger.Org.CreateAOrg.editTheExistingOrg got passed
deleteTheExistitngOrgstarted executing
successfully deleted a product
com.crm.vtiger.Org.CreateAOrg.deleteTheExistitngOrg got passed]]>
  </system-out>
</testsuite> <!-- com.crm.vtiger.Org.CreateAOrg -->
